::1 - - [16/Mar/2025:11:22:49 -0300] "GET / HTTP/1.1" 200 361
::1 - - [16/Mar/2025:11:22:49 -0300] "GET /favicon.ico HTTP/1.1" 404 209
::1 - - [16/Mar/2025:11:22:55 -0300] "GET /prova%20dudu/ HTTP/1.1" 200 2554
::1 - - [16/Mar/2025:11:22:55 -0300] "GET /prova%20dudu/css/estilo.css HTTP/1.1" 200 146
::1 - - [16/Mar/2025:11:22:55 -0300] "GET /prova%20dudu/imagens/icon.png HTTP/1.1" 200 107646
::1 - - [16/Mar/2025:11:22:55 -0300] "GET /prova%20dudu/imagens/icon.jpg HTTP/1.1" 404 225
::1 - - [16/Mar/2025:11:22:58 -0300] "GET /prova%20dudu/frmcadusu.html HTTP/1.1" 200 2414
::1 - - [16/Mar/2025:11:23:10 -0300] "GET /phpmyadmin HTTP/1.1" 301 241
::1 - - [16/Mar/2025:11:23:10 -0300] "GET /phpmyadmin/ HTTP/1.1" 200 8548
::1 - - [16/Mar/2025:11:23:11 -0300] "GET /phpmyadmin/themes/pmahomme/jquery/jquery-ui-1.9.2.custom.css HTTP/1.1" 200 32278
::1 - - [16/Mar/2025:11:23:11 -0300] "GET /phpmyadmin/themes/pmahomme/img/logo_right.png HTTP/1.1" 200 4548
::1 - - [16/Mar/2025:11:23:11 -0300] "GET /phpmyadmin/themes/dot.gif HTTP/1.1" 200 43
::1 - - [16/Mar/2025:11:23:11 -0300] "GET /phpmyadmin/js/get_scripts.js.php?scripts[]=jquery/jquery-1.8.3.js&scripts[]=ajax.js&scripts[]=keyhandler.js&scripts[]=jquery/jquery-ui-1.9.2.custom.js&scripts[]=jquery/jquery.sprintf.js&scripts[]=jquery/jquery.cookie.js&scripts[]=jquery/jquery.mousewheel.js&scripts[]=jquery/jquery.event.drag-2.2.js&scripts[]=jquery/jquery-ui-timepicker-addon.js&scripts[]=jquery/jquery.ba-hashchange-1.3.js&scripts[]=jquery/jquery.debounce-1.0.5.js&scripts[]=jquery/jquery.menuResizer-1.0.js&scripts[]=rte.js&scripts[]=functions.js&scripts[]=navigation.js&scripts[]=indexes.js&scripts[]=common.js&scripts[]=codemirror/lib/codemirror.js&scripts[]=codemirror/mode/mysql/mysql.js HTTP/1.1" 200 578562
::1 - - [16/Mar/2025:11:23:11 -0300] "GET /phpmyadmin/phpmyadmin.css.php?server=1&lang=pt&collation_connection=utf8_general_ci&token=fc346249b92891da9a878c0c416a989d&nocache=4125195912ltr HTTP/1.1" 200 88608
::1 - - [16/Mar/2025:11:23:11 -0300] "GET /phpmyadmin/js/get_image.js.php?theme=pmahomme HTTP/1.1" 200 6263
::1 - - [16/Mar/2025:11:23:11 -0300] "GET /phpmyadmin/js/messages.php?lang=pt&db=&server=0&collation_connection=utf8_general_ci&token=8b92e53c88f42a9a3d512500d0d44635 HTTP/1.1" 200 18103
::1 - - [16/Mar/2025:11:23:12 -0300] "GET /phpmyadmin/themes/pmahomme/img/sprites.png HTTP/1.1" 200 61899
::1 - - [16/Mar/2025:11:23:12 -0300] "GET /phpmyadmin/favicon.ico HTTP/1.1" 200 18902
::1 - - [16/Mar/2025:11:23:19 -0300] "POST /phpmyadmin/index.php HTTP/1.1" 302 -
::1 - - [16/Mar/2025:11:23:19 -0300] "GET /phpmyadmin/index.php?token=fc346249b92891da9a878c0c416a989d HTTP/1.1" 200 48429
::1 - - [16/Mar/2025:11:23:19 -0300] "GET /phpmyadmin/themes/pmahomme/img/logo_left.png HTTP/1.1" 200 2327
::1 - - [16/Mar/2025:11:23:19 -0300] "GET /phpmyadmin/js/messages.php?lang=pt&db=&server=0&token=fc346249b92891da9a878c0c416a989d HTTP/1.1" 200 18103
::1 - - [16/Mar/2025:11:23:19 -0300] "GET /phpmyadmin/themes/pmahomme/img/ajax_clock_small.gif HTTP/1.1" 200 1810
::1 - - [16/Mar/2025:11:23:19 -0300] "GET /phpmyadmin/phpmyadmin.css.php?server=1&token=fc346249b92891da9a878c0c416a989d&nocache=5867330911ltr HTTP/1.1" 200 88608
::1 - - [16/Mar/2025:11:23:19 -0300] "GET /phpmyadmin/themes/pmahomme/img/left_nav_bg.png HTTP/1.1" 200 297
::1 - - [16/Mar/2025:11:23:19 -0300] "GET /phpmyadmin/version_check.php?&_nocache=1742134999895941173 HTTP/1.1" 200 39
::1 - - [16/Mar/2025:11:23:24 -0300] "GET /phpmyadmin/db_structure.php?server=1&db=biblioteca2&token=fc346249b92891da9a878c0c416a989d&ajax_request=true&ajax_page_request=true&menuHashes=0cbe2fae&_nocache=1742135004178787584 HTTP/1.1" 200 5775
::1 - - [16/Mar/2025:11:23:24 -0300] "GET /phpmyadmin/js/get_scripts.js.php?scripts[]=db_structure.js&scripts[]=tbl_change.js HTTP/1.1" 200 12382
::1 - - [16/Mar/2025:11:23:25 -0300] "GET /phpmyadmin/db_sql.php?db=biblioteca2&token=fc346249b92891da9a878c0c416a989d&db_query_force=1&ajax_request=true&ajax_page_request=true&menuHashes=0cbe2fae-58d43c3b&_nocache=174213500570091829 HTTP/1.1" 200 7300
::1 - - [16/Mar/2025:11:23:25 -0300] "GET /phpmyadmin/js/get_scripts.js.php?scripts[]=makegrid.js&scripts[]=sql.js HTTP/1.1" 200 35099
::1 - - [16/Mar/2025:11:23:26 -0300] "GET /phpmyadmin/db_search.php?db=biblioteca2&token=fc346249b92891da9a878c0c416a989d&ajax_request=true&ajax_page_request=true&menuHashes=0cbe2fae-58d43c3b-ae7d6021&_nocache=1742135006651470903 HTTP/1.1" 200 8190
::1 - - [16/Mar/2025:11:23:26 -0300] "GET /phpmyadmin/js/get_scripts.js.php?scripts[]=db_search.js HTTP/1.1" 200 3430
::1 - - [16/Mar/2025:11:23:27 -0300] "GET /phpmyadmin/db_structure.php?db=biblioteca2&token=fc346249b92891da9a878c0c416a989d&ajax_request=true&ajax_page_request=true&menuHashes=0cbe2fae-58d43c3b-ae7d6021-b1c424f1&_nocache=1742135007268664743 HTTP/1.1" 200 2491
::1 - - [16/Mar/2025:11:23:28 -0300] "GET /phpmyadmin/db_structure.php?server=1&db=loja&token=fc346249b92891da9a878c0c416a989d&ajax_request=true&ajax_page_request=true&menuHashes=0cbe2fae-58d43c3b-ae7d6021-b1c424f1&_nocache=1742135008926470611 HTTP/1.1" 200 15573
::1 - - [16/Mar/2025:11:23:29 -0300] "GET /phpmyadmin/themes/pmahomme/img/arrow_ltr.png HTTP/1.1" 200 139
::1 - - [16/Mar/2025:11:23:35 -0300] "GET /phpmyadmin/db_structure.php?server=1&db=test&token=fc346249b92891da9a878c0c416a989d&ajax_request=true&ajax_page_request=true&menuHashes=0cbe2fae-58d43c3b-ae7d6021-b1c424f1-e98da067&_nocache=1742135015682414782 HTTP/1.1" 200 15590
::1 - - [16/Mar/2025:11:23:36 -0300] "GET /phpmyadmin/db_structure.php?server=1&db=tratamentos&token=fc346249b92891da9a878c0c416a989d&ajax_request=true&ajax_page_request=true&menuHashes=0cbe2fae-58d43c3b-ae7d6021-b1c424f1-e98da067-9df5ca51&_nocache=1742135016437595045 HTTP/1.1" 200 13093
::1 - - [16/Mar/2025:11:23:39 -0300] "GET /phpmyadmin/db_structure.php?server=1&db=loja&token=fc346249b92891da9a878c0c416a989d&ajax_request=true&ajax_page_request=true&menuHashes=0cbe2fae-58d43c3b-ae7d6021-b1c424f1-e98da067-9df5ca51-b39401ea&_nocache=1742135019644159393 HTTP/1.1" 200 12389
::1 - - [16/Mar/2025:11:23:40 -0300] "GET /phpmyadmin/db_structure.php?server=1&db=loja&token=fc346249b92891da9a878c0c416a989d&ajax_request=true&ajax_page_request=true&menuHashes=0cbe2fae-58d43c3b-ae7d6021-b1c424f1-e98da067-9df5ca51-b39401ea&_nocache=1742135020157927814 HTTP/1.1" 200 12389
::1 - - [16/Mar/2025:11:23:48 -0300] "GET /phpmyadmin/db_operations.php?db=loja&token=fc346249b92891da9a878c0c416a989d&ajax_request=true&ajax_page_request=true&menuHashes=0cbe2fae-58d43c3b-ae7d6021-b1c424f1-e98da067-9df5ca51-b39401ea&_nocache=1742135028805348376 HTTP/1.1" 200 42013
::1 - - [16/Mar/2025:11:23:48 -0300] "GET /phpmyadmin/js/get_scripts.js.php?scripts[]=db_operations.js HTTP/1.1" 200 1854
::1 - - [16/Mar/2025:11:23:50 -0300] "GET /phpmyadmin/themes/pmahomme/jquery/images/ui-bg_flat_75_ffffff_40x100.png HTTP/1.1" 200 178
::1 - - [16/Mar/2025:11:23:50 -0300] "GET /phpmyadmin/themes/pmahomme/jquery/images/ui-icons_222222_256x240.png HTTP/1.1" 200 4369
::1 - - [16/Mar/2025:11:23:50 -0300] "GET /phpmyadmin/themes/pmahomme/jquery/images/ui-bg_highlight-soft_75_cccccc_1x100.png HTTP/1.1" 200 101
::1 - - [16/Mar/2025:11:23:50 -0300] "GET /phpmyadmin/themes/pmahomme/jquery/images/ui-bg_glass_75_e6e6e6_1x400.png HTTP/1.1" 200 110
::1 - - [16/Mar/2025:11:23:50 -0300] "GET /phpmyadmin/themes/pmahomme/jquery/images/ui-bg_flat_0_aaaaaa_40x100.png HTTP/1.1" 200 180
::1 - - [16/Mar/2025:11:23:50 -0300] "GET /phpmyadmin/themes/pmahomme/jquery/images/ui-bg_glass_75_dadada_1x400.png HTTP/1.1" 200 159
::1 - - [16/Mar/2025:11:23:51 -0300] "GET /phpmyadmin/themes/pmahomme/jquery/images/ui-bg_glass_65_ffffff_1x400.png HTTP/1.1" 200 105
::1 - - [16/Mar/2025:11:23:51 -0300] "GET /phpmyadmin/sql.php?sql_query=DROP+DATABASE+%60loja%60&back=db_operations.php&goto=index.php&reload=1&purge=1&message_to_show=A+base+de+dados+%60loja%60+foi+eliminada.&token=fc346249b92891da9a878c0c416a989d&is_js_confirmed=1&ajax_request=true&_nocache=174213503193638968 HTTP/1.1" 200 1603
::1 - - [16/Mar/2025:11:23:52 -0300] "POST /phpmyadmin/navigation.php?ajax_request=1&token=fc346249b92891da9a878c0c416a989d HTTP/1.1" 200 1937
::1 - - [16/Mar/2025:11:23:52 -0300] "GET /phpmyadmin/server_databases.php?token=fc346249b92891da9a878c0c416a989d&server=1&db=&table=&ajax_request=true&ajax_page_request=true&menuHashes=58d43c3b-ae7d6021-b1c424f1-e98da067-9df5ca51-b39401ea-23e5484c&_nocache=1742135032245154910 HTTP/1.1" 200 41027
::1 - - [16/Mar/2025:11:23:52 -0300] "GET /phpmyadmin/js/get_scripts.js.php?scripts[]=server_databases.js HTTP/1.1" 200 1818
::1 - - [16/Mar/2025:11:23:52 -0300] "POST /phpmyadmin/navigation.php?ajax_request=1&token=fc346249b92891da9a878c0c416a989d HTTP/1.1" 200 1937
::1 - - [16/Mar/2025:11:23:55 -0300] "GET /phpmyadmin/db_structure.php?server=1&db=biblioteca2&token=fc346249b92891da9a878c0c416a989d&ajax_request=true&ajax_page_request=true&menuHashes=ae7d6021-b1c424f1-e98da067-9df5ca51-b39401ea-23e5484c-1f06752f&_nocache=1742135035553872231 HTTP/1.1" 200 5775
::1 - - [16/Mar/2025:11:23:59 -0300] "GET /phpmyadmin/db_operations.php?db=biblioteca2&token=fc346249b92891da9a878c0c416a989d&ajax_request=true&ajax_page_request=true&menuHashes=b1c424f1-e98da067-9df5ca51-b39401ea-23e5484c-1f06752f-58d43c3b&_nocache=1742135039148882331 HTTP/1.1" 200 41270
::1 - - [16/Mar/2025:11:24:01 -0300] "GET /phpmyadmin/sql.php?sql_query=DROP+DATABASE+%60biblioteca2%60&back=db_operations.php&goto=index.php&reload=1&purge=1&message_to_show=A+base+de+dados+%60biblioteca2%60+foi+eliminada.&token=fc346249b92891da9a878c0c416a989d&is_js_confirmed=1&ajax_request=true&_nocache=1742135041720829436 HTTP/1.1" 200 169
::1 - - [16/Mar/2025:11:24:03 -0300] "GET /phpmyadmin/db_structure.php?server=1&db=test&token=fc346249b92891da9a878c0c416a989d&ajax_request=true&ajax_page_request=true&menuHashes=e98da067-9df5ca51-b39401ea-23e5484c-1f06752f-58d43c3b-763fe0fd&_nocache=1742135043990601348 HTTP/1.1" 200 306
::1 - - [16/Mar/2025:11:24:08 -0300] "GET /phpmyadmin/db_structure.php?server=1&db=test&token=fc346249b92891da9a878c0c416a989d&ajax_request=true&ajax_page_request=true&menuHashes=e98da067-9df5ca51-b39401ea-23e5484c-1f06752f-58d43c3b-763fe0fd&_nocache=1742135048673215391 HTTP/1.1" 200 287
::1 - - [16/Mar/2025:11:24:10 -0300] "GET /phpmyadmin/index.php?token=fc346249b92891da9a878c0c416a989d HTTP/1.1" 200 8024
::1 - - [16/Mar/2025:11:24:10 -0300] "GET /phpmyadmin/phpmyadmin.css.php?server=1&token=32afbd50b7ae81cb9383f8c77d578e3b&nocache=4125195912ltr HTTP/1.1" 200 88608
::1 - - [16/Mar/2025:11:24:10 -0300] "GET /phpmyadmin/js/messages.php?lang=pt&db=&server=0&token=5196b903aef1684916db936a689994ce HTTP/1.1" 200 18103
::1 - - [16/Mar/2025:11:24:10 -0300] "GET /phpmyadmin/db_operations.php?db=biblioteca2&table=&server=1&target=&token=fc346249b92891da9a878c0c416a989d HTTP/1.1" 200 8094
::1 - - [16/Mar/2025:11:24:10 -0300] "GET /phpmyadmin/phpmyadmin.css.php?server=1&token=d571e9ff67dc58ce784fa5629b00e913&nocache=4125195912ltr HTTP/1.1" 200 88608
::1 - - [16/Mar/2025:11:24:10 -0300] "GET /phpmyadmin/js/messages.php?lang=pt&db=biblioteca2&token=32afbd50b7ae81cb9383f8c77d578e3b HTTP/1.1" 200 18103
::1 - - [16/Mar/2025:11:24:13 -0300] "POST /phpmyadmin/index.php HTTP/1.1" 302 -
::1 - - [16/Mar/2025:11:24:13 -0300] "GET /phpmyadmin/index.php?db=biblioteca2&target=db_operations.php&token=d571e9ff67dc58ce784fa5629b00e913 HTTP/1.1" 200 8276
::1 - - [16/Mar/2025:11:24:17 -0300] "GET /phpmyadmin/js/messages.php?lang=pt&db=biblioteca2&server=0&token=d571e9ff67dc58ce784fa5629b00e913 HTTP/1.1" 200 18103
::1 - - [16/Mar/2025:11:24:23 -0300] "POST /phpmyadmin/index.php HTTP/1.1" 302 -
::1 - - [16/Mar/2025:11:24:23 -0300] "GET /phpmyadmin/index.php?db=biblioteca2&target=db_operations.php&token=d571e9ff67dc58ce784fa5629b00e913 HTTP/1.1" 200 8276
::1 - - [16/Mar/2025:11:24:39 -0300] "GET /phpmyadmin/ HTTP/1.1" 200 8024
::1 - - [16/Mar/2025:11:24:39 -0300] "GET /phpmyadmin/phpmyadmin.css.php?server=1&token=054977a91fc1e5de483faa7ec8f642fe&nocache=4125195912ltr HTTP/1.1" 200 88608
::1 - - [16/Mar/2025:11:24:39 -0300] "GET /phpmyadmin/js/messages.php?lang=pt&db=&server=0&token=d571e9ff67dc58ce784fa5629b00e913 HTTP/1.1" 200 18103
::1 - - [16/Mar/2025:11:24:42 -0300] "POST /phpmyadmin/index.php HTTP/1.1" 302 -
::1 - - [16/Mar/2025:11:24:42 -0300] "GET /phpmyadmin/index.php?token=054977a91fc1e5de483faa7ec8f642fe HTTP/1.1" 200 47867
::1 - - [16/Mar/2025:11:24:42 -0300] "GET /phpmyadmin/phpmyadmin.css.php?server=1&token=054977a91fc1e5de483faa7ec8f642fe&nocache=5867330911ltr HTTP/1.1" 200 88608
::1 - - [16/Mar/2025:11:24:42 -0300] "GET /phpmyadmin/js/messages.php?lang=pt&db=&server=0&token=054977a91fc1e5de483faa7ec8f642fe HTTP/1.1" 200 18103
::1 - - [16/Mar/2025:11:24:43 -0300] "GET /phpmyadmin/version_check.php?&_nocache=1742135083060559242 HTTP/1.1" 200 39
::1 - - [16/Mar/2025:11:24:44 -0300] "GET /phpmyadmin/db_structure.php?server=1&db=test&token=054977a91fc1e5de483faa7ec8f642fe&ajax_request=true&ajax_page_request=true&menuHashes=44e7db73&_nocache=174213508487778519 HTTP/1.1" 200 15590
::1 - - [16/Mar/2025:11:24:47 -0300] "GET /phpmyadmin/db_operations.php?db=test&token=054977a91fc1e5de483faa7ec8f642fe&ajax_request=true&ajax_page_request=true&menuHashes=44e7db73-58a1508b&_nocache=1742135087842348363 HTTP/1.1" 200 42013
::1 - - [16/Mar/2025:11:24:49 -0300] "GET /phpmyadmin/sql.php?sql_query=DROP+DATABASE+%60test%60&back=db_operations.php&goto=index.php&reload=1&purge=1&message_to_show=A+base+de+dados+%60test%60+foi+eliminada.&token=054977a91fc1e5de483faa7ec8f642fe&is_js_confirmed=1&ajax_request=true&_nocache=1742135089498399241 HTTP/1.1" 200 201
::1 - - [16/Mar/2025:11:24:55 -0300] "GET /phpmyadmin/db_structure.php?server=1&db=tratamentos&token=054977a91fc1e5de483faa7ec8f642fe&ajax_request=true&ajax_page_request=true&menuHashes=44e7db73-58a1508b-290fc2fd&_nocache=1742135095927889045 HTTP/1.1" 200 13093
::1 - - [16/Mar/2025:11:24:57 -0300] "GET /phpmyadmin/db_operations.php?db=tratamentos&token=054977a91fc1e5de483faa7ec8f642fe&ajax_request=true&ajax_page_request=true&menuHashes=44e7db73-58a1508b-290fc2fd-6453880d&_nocache=1742135097999750050 HTTP/1.1" 200 42195
::1 - - [16/Mar/2025:11:24:59 -0300] "GET /phpmyadmin/sql.php?sql_query=DROP+DATABASE+%60tratamentos%60&back=db_operations.php&goto=index.php&reload=1&purge=1&message_to_show=A+base+de+dados+%60tratamentos%60+foi+eliminada.&token=054977a91fc1e5de483faa7ec8f642fe&is_js_confirmed=1&ajax_request=true&_nocache=1742135099902770009 HTTP/1.1" 200 1638
::1 - - [16/Mar/2025:11:24:59 -0300] "POST /phpmyadmin/navigation.php?ajax_request=1&token=054977a91fc1e5de483faa7ec8f642fe HTTP/1.1" 200 1307
::1 - - [16/Mar/2025:11:24:59 -0300] "GET /phpmyadmin/server_databases.php?token=054977a91fc1e5de483faa7ec8f642fe&server=1&db=&table=&ajax_request=true&ajax_page_request=true&menuHashes=44e7db73-58a1508b-290fc2fd-6453880d-072640da&_nocache=1742135099986271362 HTTP/1.1" 200 40241
::1 - - [16/Mar/2025:11:24:59 -0300] "POST /phpmyadmin/navigation.php?ajax_request=1&token=054977a91fc1e5de483faa7ec8f642fe HTTP/1.1" 200 1307
::1 - - [16/Mar/2025:11:25:01 -0300] "GET /phpmyadmin/db_structure.php?server=1&db=test&token=054977a91fc1e5de483faa7ec8f642fe&ajax_request=true&ajax_page_request=true&menuHashes=44e7db73-58a1508b-290fc2fd-6453880d-072640da-616f32f2&_nocache=1742135101914561447 HTTP/1.1" 200 2458
::1 - - [16/Mar/2025:11:25:05 -0300] "GET /phpmyadmin/db_structure.php?server=1&db=biblioteca2&token=054977a91fc1e5de483faa7ec8f642fe&ajax_request=true&ajax_page_request=true&menuHashes=44e7db73-58a1508b-290fc2fd-6453880d-072640da-616f32f2&_nocache=1742135105284259209 HTTP/1.1" 200 5775
::1 - - [16/Mar/2025:11:25:06 -0300] "GET /phpmyadmin/db_structure.php?server=1&db=test&token=054977a91fc1e5de483faa7ec8f642fe&ajax_request=true&ajax_page_request=true&menuHashes=44e7db73-58a1508b-290fc2fd-6453880d-072640da-616f32f2-690b530a&_nocache=174213510607698632 HTTP/1.1" 200 2458
::1 - - [16/Mar/2025:11:25:14 -0300] "GET / HTTP/1.1" 200 361
::1 - - [16/Mar/2025:11:25:28 -0300] "GET /sistemas/ HTTP/1.1" 200 4086
::1 - - [16/Mar/2025:11:25:28 -0300] "GET /sistemas/css/index.css HTTP/1.1" 200 100
::1 - - [16/Mar/2025:11:25:28 -0300] "GET /sistemas/imgs/inteligencia-artificial.png HTTP/1.1" 200 13837
::1 - - [16/Mar/2025:11:25:28 -0300] "GET /sistemas/imgs/carrossel3.jpg HTTP/1.1" 200 134636
::1 - - [16/Mar/2025:11:25:28 -0300] "GET /sistemas/imgs/carrossel1.png HTTP/1.1" 200 602282
::1 - - [16/Mar/2025:11:25:28 -0300] "GET /sistemas/imgs/carrossel2.png HTTP/1.1" 200 673209
::1 - - [16/Mar/2025:11:25:28 -0300] "GET /sistemas/imagens/icon.jpg HTTP/1.1" 404 223
::1 - - [16/Mar/2025:11:25:46 -0300] "GET /sistemas/frmcadusu.html HTTP/1.1" 200 2255
::1 - - [16/Mar/2025:11:25:46 -0300] "GET /sistemas/css/cadastro.css HTTP/1.1" 200 33
::1 - - [16/Mar/2025:11:25:49 -0300] "GET /sistemas/lista_usu.php HTTP/1.1" 200 1964
::1 - - [16/Mar/2025:11:25:50 -0300] "GET /sistemas/css/lista.css HTTP/1.1" 200 212
::1 - - [16/Mar/2025:11:25:50 -0300] "GET /sistemas/imgs/lista_bg.png HTTP/1.1" 404 224
::1 - - [16/Mar/2025:11:30:18 -0300] "GET / HTTP/1.1" 200 203
::1 - - [16/Mar/2025:11:30:19 -0300] "GET /Tcc-S.I/ HTTP/1.1" 200 926
::1 - - [16/Mar/2025:11:30:19 -0300] "GET /Tcc-S.I/static/style.css HTTP/1.1" 200 3819
::1 - - [16/Mar/2025:11:30:23 -0300] "GET /Tcc-S.I/templates/login.html HTTP/1.1" 200 2766
::1 - - [16/Mar/2025:11:30:23 -0300] "GET /img/pattern_japanese-pattern-2_1_2_0-0_0_1__ffffff00_000000.png HTTP/1.1" 404 261
::1 - - [16/Mar/2025:11:44:10 -0300] "GET /Tcc-S.I/templates/login.html HTTP/1.1" 404 226
::1 - - [16/Mar/2025:11:44:10 -0300] "GET /favicon.ico HTTP/1.1" 404 209
::1 - - [16/Mar/2025:11:44:11 -0300] "GET /Tcc-S.I/templates/login.html HTTP/1.1" 404 226
::1 - - [16/Mar/2025:11:44:11 -0300] "GET /favicon.ico HTTP/1.1" 404 209
::1 - - [16/Mar/2025:11:44:11 -0300] "GET /Tcc-S.I/templates/login.html HTTP/1.1" 404 226
::1 - - [16/Mar/2025:11:44:11 -0300] "GET /favicon.ico HTTP/1.1" 404 209
::1 - - [16/Mar/2025:11:44:11 -0300] "GET /Tcc-S.I/templates/login.html HTTP/1.1" 404 226
::1 - - [16/Mar/2025:11:44:11 -0300] "GET /favicon.ico HTTP/1.1" 404 209
::1 - - [16/Mar/2025:11:44:15 -0300] "GET /Tcc-S.I/templates/login.html HTTP/1.1" 404 226
::1 - - [16/Mar/2025:11:44:32 -0300] "GET /Tcc-S.I/templates/login.html HTTP/1.1" 404 226
::1 - - [16/Mar/2025:11:44:32 -0300] "GET /favicon.ico HTTP/1.1" 404 209
::1 - - [16/Mar/2025:11:44:32 -0300] "GET /Tcc-S.I/templates/login.html HTTP/1.1" 404 226
::1 - - [16/Mar/2025:11:44:32 -0300] "GET /Tcc-S.I/templates/login.html HTTP/1.1" 404 226
::1 - - [16/Mar/2025:11:44:33 -0300] "GET /Tcc-S.I/templates/login.html HTTP/1.1" 404 226
::1 - - [16/Mar/2025:11:44:34 -0300] "GET /Tcc-S.I/templates/login.html HTTP/1.1" 404 226
::1 - - [16/Mar/2025:11:44:37 -0300] "GET /Tcc-S.I/ HTTP/1.1" 200 925
::1 - - [16/Mar/2025:11:44:37 -0300] "GET /Tcc-S.I/static/style.css HTTP/1.1" 200 3819
::1 - - [16/Mar/2025:11:44:37 -0300] "GET /Tcc-S.I/ HTTP/1.1" 200 925
::1 - - [16/Mar/2025:11:44:37 -0300] "GET /Tcc-S.I/static/style.css HTTP/1.1" 200 3819
::1 - - [16/Mar/2025:11:44:38 -0300] "GET /favicon.ico HTTP/1.1" 404 209
::1 - - [16/Mar/2025:11:44:38 -0300] "GET /Tcc-S.I/ HTTP/1.1" 200 925
::1 - - [16/Mar/2025:11:44:38 -0300] "GET /Tcc-S.I/static/style.css HTTP/1.1" 200 3819
::1 - - [16/Mar/2025:11:44:38 -0300] "GET /Tcc-S.I/ HTTP/1.1" 200 925
::1 - - [16/Mar/2025:11:44:38 -0300] "GET /Tcc-S.I/static/style.css HTTP/1.1" 200 3819
::1 - - [16/Mar/2025:11:44:38 -0300] "GET /favicon.ico HTTP/1.1" 404 209
::1 - - [16/Mar/2025:11:44:38 -0300] "GET /Tcc-S.I/ HTTP/1.1" 200 925
::1 - - [16/Mar/2025:11:44:38 -0300] "GET /Tcc-S.I/static/style.css HTTP/1.1" 200 3819
::1 - - [16/Mar/2025:11:44:38 -0300] "GET /Tcc-S.I/ HTTP/1.1" 200 925
::1 - - [16/Mar/2025:11:44:38 -0300] "GET /Tcc-S.I/static/style.css HTTP/1.1" 200 3819
::1 - - [16/Mar/2025:11:44:38 -0300] "GET /favicon.ico HTTP/1.1" 404 209
::1 - - [16/Mar/2025:11:44:39 -0300] "GET /Tcc-S.I/templates/login.php HTTP/1.1" 200 4821
::1 - - [16/Mar/2025:11:44:39 -0300] "GET /img/pattern_japanese-pattern-2_1_2_0-0_0_1__ffffff00_000000.png HTTP/1.1" 404 261
::1 - - [16/Mar/2025:11:44:56 -0300] "POST /Tcc-S.I/conection/registro_process.php HTTP/1.1" 200 256
::1 - - [16/Mar/2025:11:45:03 -0300] "GET /phpmyadmin/db_sql.php?db=test&token=054977a91fc1e5de483faa7ec8f642fe&db_query_force=1&ajax_request=true&ajax_page_request=true&menuHashes=44e7db73-58a1508b-290fc2fd-6453880d-072640da-616f32f2-690b530a&_nocache=1742136303681759130 HTTP/1.1" 200 7153
::1 - - [16/Mar/2025:11:45:14 -0300] "POST /phpmyadmin/import.php HTTP/1.1" 200 3223
::1 - - [16/Mar/2025:11:45:24 -0300] "GET /phpmyadmin/db_sql.php?db=test&token=054977a91fc1e5de483faa7ec8f642fe&db_query_force=1&ajax_request=true&ajax_page_request=true&menuHashes=58a1508b-290fc2fd-6453880d-072640da-616f32f2-690b530a-d80c1432&_nocache=1742136324497480265 HTTP/1.1" 200 3969
::1 - - [16/Mar/2025:11:45:34 -0300] "POST /phpmyadmin/import.php HTTP/1.1" 200 233
::1 - - [16/Mar/2025:11:45:39 -0300] "GET /phpmyadmin/index.php?token=054977a91fc1e5de483faa7ec8f642fe HTTP/1.1" 200 47915
::1 - - [16/Mar/2025:11:45:40 -0300] "GET /phpmyadmin/db_sql.php?db=test&table=&server=1&target=&token=054977a91fc1e5de483faa7ec8f642fe HTTP/1.1" 200 13409
::1 - - [16/Mar/2025:11:45:40 -0300] "GET /phpmyadmin/js/get_scripts.js.php?scripts[]=jquery/jquery-1.8.3.js&scripts[]=ajax.js&scripts[]=keyhandler.js&scripts[]=jquery/jquery-ui-1.9.2.custom.js&scripts[]=jquery/jquery.sprintf.js&scripts[]=jquery/jquery.cookie.js&scripts[]=jquery/jquery.mousewheel.js&scripts[]=jquery/jquery.event.drag-2.2.js&scripts[]=jquery/jquery-ui-timepicker-addon.js&scripts[]=jquery/jquery.ba-hashchange-1.3.js&scripts[]=jquery/jquery.debounce-1.0.5.js&scripts[]=jquery/jquery.menuResizer-1.0.js&scripts[]=rte.js&scripts[]=functions.js&scripts[]=navigation.js&scripts[]=indexes.js&scripts[]=common.js&scripts[]=makegrid.js&scripts[]=sql.js&scripts[]=db_structure.js&scripts[]=tbl_change.js&scripts[]=codemirror/lib/codemirror.js&scripts[]=codemirror/mode/mysql/mysql.js HTTP/1.1" 200 626043
::1 - - [16/Mar/2025:11:45:40 -0300] "GET /phpmyadmin/js/messages.php?lang=pt&db=test&token=054977a91fc1e5de483faa7ec8f642fe HTTP/1.1" 200 18103
::1 - - [16/Mar/2025:11:45:41 -0300] "GET /phpmyadmin/db_structure.php?server=1&db=arca_do_aventureiro&token=054977a91fc1e5de483faa7ec8f642fe&ajax_request=true&ajax_page_request=true&menuHashes=d80c1432&_nocache=174213634109734490 HTTP/1.1" 200 13325
::1 - - [16/Mar/2025:11:45:50 -0300] "POST /Tcc-S.I/conection/registro_process.php HTTP/1.1" 200 185
::1 - - [16/Mar/2025:11:48:26 -0300] "GET /Tcc-S.I/templates/login.php HTTP/1.1" 200 4821
::1 - - [16/Mar/2025:11:48:26 -0300] "GET /Tcc-S.I/static/style.css HTTP/1.1" 200 3819
::1 - - [16/Mar/2025:11:48:27 -0300] "GET /Tcc-S.I/templates/login.php HTTP/1.1" 200 4821
::1 - - [16/Mar/2025:11:48:27 -0300] "GET /Tcc-S.I/static/style.css HTTP/1.1" 200 3819
::1 - - [16/Mar/2025:11:48:27 -0300] "GET /img/pattern_japanese-pattern-2_1_2_0-0_0_1__ffffff00_000000.png HTTP/1.1" 404 261
::1 - - [16/Mar/2025:11:48:27 -0300] "GET /favicon.ico HTTP/1.1" 404 209
::1 - - [16/Mar/2025:11:48:27 -0300] "GET /Tcc-S.I/templates/login.php HTTP/1.1" 200 4821
::1 - - [16/Mar/2025:11:48:27 -0300] "GET /Tcc-S.I/static/style.css HTTP/1.1" 200 3819
::1 - - [16/Mar/2025:11:48:27 -0300] "GET /img/pattern_japanese-pattern-2_1_2_0-0_0_1__ffffff00_000000.png HTTP/1.1" 404 261
::1 - - [16/Mar/2025:11:48:27 -0300] "GET /favicon.ico HTTP/1.1" 404 209
::1 - - [16/Mar/2025:11:48:34 -0300] "POST /Tcc-S.I/conection/registro_process.php HTTP/1.1" 200 198
::1 - - [16/Mar/2025:11:49:33 -0300] "GET /phpmyadmin/sql.php?db=arca_do_aventureiro&token=054977a91fc1e5de483faa7ec8f642fe&goto=db_structure.php&table=usuarios&pos=0&ajax_request=true&ajax_page_request=true&menuHashes=d80c1432-cb2a9a75&_nocache=1742136573042180354 HTTP/1.1" 200 10650
::1 - - [16/Mar/2025:11:49:33 -0300] "GET /phpmyadmin/js/get_scripts.js.php?scripts[]=tbl_structure.js&scripts[]=gis_data_editor.js HTTP/1.1" 200 15188
::1 - - [16/Mar/2025:11:49:33 -0300] "GET /phpmyadmin/index.php?ajax_request=1&recent_table=1&token=054977a91fc1e5de483faa7ec8f642fe HTTP/1.1" 200 241
::1 - - [16/Mar/2025:11:49:45 -0300] "GET /phpmyadmin/tbl_structure.php?db=arca_do_aventureiro&token=054977a91fc1e5de483faa7ec8f642fe&goto=db_structure.php&table=usuarios&ajax_request=true&ajax_page_request=true&menuHashes=d80c1432-cb2a9a75-7ce2c11e&_nocache=1742136585441454934 HTTP/1.1" 200 37064
::1 - - [16/Mar/2025:11:49:45 -0300] "GET /phpmyadmin/index.php?ajax_request=1&recent_table=1&token=054977a91fc1e5de483faa7ec8f642fe HTTP/1.1" 200 241
::1 - - [16/Mar/2025:11:49:55 -0300] "GET /phpmyadmin/tbl_structure.php?db=arca_do_aventureiro&table=usuarios&token=054977a91fc1e5de483faa7ec8f642fe&goto=tbl_structure.php&back=tbl_structure.php&field=senha_hash&change_column=1&ajax_request=true&_nocache=174213659574979687 HTTP/1.1" 200 42333
::1 - - [16/Mar/2025:11:50:01 -0300] "POST /phpmyadmin/tbl_structure.php HTTP/1.1" 200 35309
::1 - - [16/Mar/2025:11:50:02 -0300] "POST /phpmyadmin/navigation.php?ajax_request=1&token=054977a91fc1e5de483faa7ec8f642fe HTTP/1.1" 200 1985
::1 - - [16/Mar/2025:11:50:13 -0300] "GET /phpmyadmin/sql.php?db=arca_do_aventureiro&table=usuarios&token=054977a91fc1e5de483faa7ec8f642fe&pos=0&ajax_request=true&ajax_page_request=true&menuHashes=d80c1432-cb2a9a75-7ce2c11e-183de58a&_nocache=1742136613422810399 HTTP/1.1" 200 7399
::1 - - [16/Mar/2025:11:50:13 -0300] "GET /phpmyadmin/index.php?ajax_request=1&recent_table=1&token=054977a91fc1e5de483faa7ec8f642fe HTTP/1.1" 200 241
::1 - - [16/Mar/2025:11:50:21 -0300] "GET /phpmyadmin/db_structure.php?server=1&db=arca_do_aventureiro&token=054977a91fc1e5de483faa7ec8f642fe&ajax_request=true&ajax_page_request=true&menuHashes=d80c1432-cb2a9a75-7ce2c11e-183de58a&_nocache=1742136621413132328 HTTP/1.1" 200 9931
::1 - - [16/Mar/2025:11:50:23 -0300] "GET /phpmyadmin/sql.php?db=arca_do_aventureiro&token=054977a91fc1e5de483faa7ec8f642fe&goto=db_structure.php&table=usuarios&pos=0&ajax_request=true&ajax_page_request=true&menuHashes=d80c1432-cb2a9a75-7ce2c11e-183de58a&_nocache=1742136623271682544 HTTP/1.1" 200 7399
::1 - - [16/Mar/2025:11:50:23 -0300] "GET /phpmyadmin/index.php?ajax_request=1&recent_table=1&token=054977a91fc1e5de483faa7ec8f642fe HTTP/1.1" 200 241
::1 - - [16/Mar/2025:11:50:24 -0300] "GET /phpmyadmin/tbl_structure.php?db=arca_do_aventureiro&table=usuarios&token=054977a91fc1e5de483faa7ec8f642fe&ajax_request=true&ajax_page_request=true&menuHashes=d80c1432-cb2a9a75-7ce2c11e-183de58a&_nocache=1742136624329524910 HTTP/1.1" 200 33718
::1 - - [16/Mar/2025:11:50:24 -0300] "GET /phpmyadmin/index.php?ajax_request=1&recent_table=1&token=054977a91fc1e5de483faa7ec8f642fe HTTP/1.1" 200 241
::1 - - [16/Mar/2025:11:54:23 -0300] "GET /Tcc-S.I/templates/login.php HTTP/1.1" 200 4821
::1 - - [16/Mar/2025:11:54:23 -0300] "GET /Tcc-S.I/static/style.css HTTP/1.1" 200 3819
::1 - - [16/Mar/2025:11:54:24 -0300] "GET /Tcc-S.I/templates/login.php HTTP/1.1" 200 4821
::1 - - [16/Mar/2025:11:54:24 -0300] "GET /Tcc-S.I/static/style.css HTTP/1.1" 200 3819
::1 - - [16/Mar/2025:11:54:24 -0300] "GET /img/pattern_japanese-pattern-2_1_2_0-0_0_1__ffffff00_000000.png HTTP/1.1" 404 261
::1 - - [16/Mar/2025:11:54:24 -0300] "GET /favicon.ico HTTP/1.1" 404 209
::1 - - [16/Mar/2025:11:54:24 -0300] "GET /Tcc-S.I/templates/login.php HTTP/1.1" 200 4821
::1 - - [16/Mar/2025:11:54:24 -0300] "GET /Tcc-S.I/static/style.css HTTP/1.1" 200 3819
::1 - - [16/Mar/2025:11:54:24 -0300] "GET /img/pattern_japanese-pattern-2_1_2_0-0_0_1__ffffff00_000000.png HTTP/1.1" 404 261
::1 - - [16/Mar/2025:11:54:24 -0300] "GET /favicon.ico HTTP/1.1" 404 209
::1 - - [16/Mar/2025:11:54:24 -0300] "GET /Tcc-S.I/templates/login.php HTTP/1.1" 200 4821
::1 - - [16/Mar/2025:11:54:24 -0300] "GET /Tcc-S.I/static/style.css HTTP/1.1" 200 3819
::1 - - [16/Mar/2025:11:54:24 -0300] "GET /Tcc-S.I/templates/login.php HTTP/1.1" 200 4821
::1 - - [16/Mar/2025:11:54:24 -0300] "GET /Tcc-S.I/static/style.css HTTP/1.1" 200 3819
::1 - - [16/Mar/2025:11:54:24 -0300] "GET /img/pattern_japanese-pattern-2_1_2_0-0_0_1__ffffff00_000000.png HTTP/1.1" 404 261
::1 - - [16/Mar/2025:11:54:24 -0300] "GET /Tcc-S.I/templates/login.php HTTP/1.1" 200 4821
::1 - - [16/Mar/2025:11:54:24 -0300] "GET /favicon.ico HTTP/1.1" 404 209
::1 - - [16/Mar/2025:11:54:24 -0300] "GET /Tcc-S.I/static/style.css HTTP/1.1" 200 3819
::1 - - [16/Mar/2025:11:54:24 -0300] "GET /img/pattern_japanese-pattern-2_1_2_0-0_0_1__ffffff00_000000.png HTTP/1.1" 404 261
::1 - - [16/Mar/2025:11:54:24 -0300] "GET /favicon.ico HTTP/1.1" 404 209
::1 - - [16/Mar/2025:11:54:24 -0300] "GET /Tcc-S.I/templates/login.php HTTP/1.1" 200 4821
::1 - - [16/Mar/2025:11:54:24 -0300] "GET /Tcc-S.I/static/style.css HTTP/1.1" 200 3819
::1 - - [16/Mar/2025:11:54:25 -0300] "GET /img/pattern_japanese-pattern-2_1_2_0-0_0_1__ffffff00_000000.png HTTP/1.1" 404 261
::1 - - [16/Mar/2025:11:54:25 -0300] "GET /favicon.ico HTTP/1.1" 404 209
::1 - - [16/Mar/2025:11:54:25 -0300] "GET /Tcc-S.I/templates/login.php HTTP/1.1" 200 4821
::1 - - [16/Mar/2025:11:54:25 -0300] "GET /Tcc-S.I/static/style.css HTTP/1.1" 200 3819
::1 - - [16/Mar/2025:11:54:25 -0300] "GET /img/pattern_japanese-pattern-2_1_2_0-0_0_1__ffffff00_000000.png HTTP/1.1" 404 261
::1 - - [16/Mar/2025:11:54:25 -0300] "GET /favicon.ico HTTP/1.1" 404 209
::1 - - [16/Mar/2025:11:54:33 -0300] "POST /Tcc-S.I/conection/registro_process.php HTTP/1.1" 200 808
::1 - - [16/Mar/2025:11:56:00 -0300] "POST /Tcc-S.I/conection/registro_process.php HTTP/1.1" 200 31
::1 - - [16/Mar/2025:11:56:58 -0300] "GET /phpmyadmin/tbl_structure.php?db=arca_do_aventureiro&table=usuarios&token=054977a91fc1e5de483faa7ec8f642fe&ajax_request=true&ajax_page_request=true&menuHashes=d80c1432-cb2a9a75-7ce2c11e-183de58a&_nocache=1742137018021993599 HTTP/1.1" 200 33718
::1 - - [16/Mar/2025:11:56:58 -0300] "GET /phpmyadmin/index.php?ajax_request=1&recent_table=1&token=054977a91fc1e5de483faa7ec8f642fe HTTP/1.1" 200 241
::1 - - [16/Mar/2025:11:56:58 -0300] "GET /phpmyadmin/sql.php?db=arca_do_aventureiro&table=usuarios&token=054977a91fc1e5de483faa7ec8f642fe&pos=0&ajax_request=true&ajax_page_request=true&menuHashes=d80c1432-cb2a9a75-7ce2c11e-183de58a&_nocache=1742137018944799326 HTTP/1.1" 200 17711
::1 - - [16/Mar/2025:11:56:59 -0300] "GET /phpmyadmin/themes/pmahomme/img/col_drop.png HTTP/1.1" 200 132
::1 - - [16/Mar/2025:11:56:59 -0300] "GET /phpmyadmin/themes/pmahomme/img/col_pointer.png HTTP/1.1" 200 113
::1 - - [16/Mar/2025:11:56:59 -0300] "GET /phpmyadmin/themes/pmahomme/img/s_fulltext.png HTTP/1.1" 200 193
::1 - - [16/Mar/2025:11:56:59 -0300] "GET /phpmyadmin/index.php?ajax_request=1&recent_table=1&token=054977a91fc1e5de483faa7ec8f642fe HTTP/1.1" 200 241
::1 - - [16/Mar/2025:11:57:03 -0300] "GET /phpmyadmin/tbl_structure.php?db=arca_do_aventureiro&table=usuarios&token=054977a91fc1e5de483faa7ec8f642fe&ajax_request=true&ajax_page_request=true&menuHashes=d80c1432-cb2a9a75-7ce2c11e-183de58a&_nocache=1742137023757714059 HTTP/1.1" 200 33718
::1 - - [16/Mar/2025:11:57:03 -0300] "GET /phpmyadmin/index.php?ajax_request=1&recent_table=1&token=054977a91fc1e5de483faa7ec8f642fe HTTP/1.1" 200 241
::1 - - [16/Mar/2025:11:57:05 -0300] "GET /phpmyadmin/sql.php?db=arca_do_aventureiro&table=usuarios&token=054977a91fc1e5de483faa7ec8f642fe&pos=0&ajax_request=true&ajax_page_request=true&menuHashes=d80c1432-cb2a9a75-7ce2c11e-183de58a&_nocache=1742137025119752601 HTTP/1.1" 200 17711
::1 - - [16/Mar/2025:11:57:05 -0300] "GET /phpmyadmin/index.php?ajax_request=1&recent_table=1&token=054977a91fc1e5de483faa7ec8f642fe HTTP/1.1" 200 241
